<?xml version="1.0" encoding="UTF-8"?>
<testng-results skipped="0" failed="0" ignored="0" total="1" passed="1">
  <reporter-output>
  </reporter-output>
  <suite name="Suite" duration-ms="7522" started-at="2021-04-03T00:08:27 IST" finished-at="2021-04-03T00:08:34 IST">
    <groups>
    </groups>
    <test name="SeleniumTest" duration-ms="7522" started-at="2021-04-03T00:08:27 IST" finished-at="2021-04-03T00:08:34 IST">
      <class name="Selenium.TestNGTest">
        <test-method status="PASS" signature="setup()[pri:0, instance:Selenium.TestNGTest@26aa12dd]" name="setup" is-config="true" duration-ms="5827" started-at="2021-04-03T00:08:27 IST" finished-at="2021-04-03T00:08:33 IST">
          <reporter-output>
          </reporter-output>
        </test-method> <!-- setup -->
        <test-method status="PASS" signature="CalendarPickUp()[pri:0, instance:Selenium.TestNGTest@26aa12dd]" name="CalendarPickUp" duration-ms="1522" started-at="2021-04-03T00:08:33 IST" finished-at="2021-04-03T00:08:34 IST">
          <reporter-output>
          </reporter-output>
        </test-method> <!-- CalendarPickUp -->
        <test-method status="PASS" signature="TearDown()[pri:0, instance:Selenium.TestNGTest@26aa12dd]" name="TearDown" is-config="true" duration-ms="137" started-at="2021-04-03T00:08:34 IST" finished-at="2021-04-03T00:08:34 IST">
          <reporter-output>
          </reporter-output>
        </test-method> <!-- TearDown -->
      </class> <!-- Selenium.TestNGTest -->
    </test> <!-- SeleniumTest -->
  </suite> <!-- Suite -->
</testng-results>
